<?xml version="1.0" encoding="UTF-8"?>
<!-- Generated by org.testng.reporters.JUnitXMLReporter -->
<testsuite ignored="0" hostname="DESKTOP-IKFO2HI" failures="0" tests="6" name="Test" time="0.226" errors="0" timestamp="2022-07-20T22:58:06 IST">
  <testcase classname="SampleProject.MavenTest" name="maven4Test" time="0.029"/>
  <testcase classname="SampleProject.MavenTest" name="maven5Test" time="0.006"/>
  <testcase classname="SampleProject.MavenTest" name="maven6Test" time="0.013"/>
  <testcase classname="SampleProject.CreateSignupTest" name="test1" time="0.01"/>
  <testcase classname="SampleProject.CreateSignupTest" name="test2" time="0.006"/>
  <testcase classname="SampleProject.CreateSignupTest" name="test3" time="0.011"/>
</testsuite> <!-- Test -->
