<?xml version="1.0" encoding="UTF-8"?>
<testng-results ignored="0" total="6" passed="6" failed="0" skipped="0">
  <reporter-output>
  </reporter-output>
  <suite started-at="2022-07-20T22:58:05 IST" name="Suite" finished-at="2022-07-20T22:58:06 IST" duration-ms="226">
    <groups>
    </groups>
    <test started-at="2022-07-20T22:58:05 IST" name="Test" finished-at="2022-07-20T22:58:06 IST" duration-ms="226">
      <class name="SampleProject.MavenTest">
        <test-method signature="maven4Test()[pri:0, instance:SampleProject.MavenTest@d9345cd]" started-at="2022-07-20T22:58:05 IST" name="maven4Test" finished-at="2022-07-20T22:58:05 IST" duration-ms="29" status="PASS">
          <reporter-output>
          </reporter-output>
        </test-method> <!-- maven4Test -->
        <test-method signature="maven5Test()[pri:0, instance:SampleProject.MavenTest@d9345cd]" started-at="2022-07-20T22:58:05 IST" name="maven5Test" finished-at="2022-07-20T22:58:05 IST" duration-ms="6" status="PASS">
          <reporter-output>
          </reporter-output>
        </test-method> <!-- maven5Test -->
        <test-method signature="maven6Test()[pri:0, instance:SampleProject.MavenTest@d9345cd]" started-at="2022-07-20T22:58:05 IST" name="maven6Test" finished-at="2022-07-20T22:58:05 IST" duration-ms="13" status="PASS">
          <reporter-output>
          </reporter-output>
        </test-method> <!-- maven6Test -->
      </class> <!-- SampleProject.MavenTest -->
      <class name="SampleProject.CreateSignupTest">
        <test-method signature="test1()[pri:0, instance:SampleProject.CreateSignupTest@242b836]" started-at="2022-07-20T22:58:05 IST" name="test1" finished-at="2022-07-20T22:58:06 IST" duration-ms="10" status="PASS">
          <reporter-output>
          </reporter-output>
        </test-method> <!-- test1 -->
        <test-method signature="test2()[pri:0, instance:SampleProject.CreateSignupTest@242b836]" started-at="2022-07-20T22:58:06 IST" name="test2" finished-at="2022-07-20T22:58:06 IST" duration-ms="6" status="PASS">
          <reporter-output>
          </reporter-output>
        </test-method> <!-- test2 -->
        <test-method signature="test3()[pri:0, instance:SampleProject.CreateSignupTest@242b836]" started-at="2022-07-20T22:58:06 IST" name="test3" finished-at="2022-07-20T22:58:06 IST" duration-ms="11" status="PASS">
          <reporter-output>
          </reporter-output>
        </test-method> <!-- test3 -->
      </class> <!-- SampleProject.CreateSignupTest -->
    </test> <!-- Test -->
  </suite> <!-- Suite -->
</testng-results>
